<?xml version="1.0" encoding="UTF-8"?>
<!-- Generated by org.testng.reporters.JUnitReportReporter -->
<testsuite hostname="INLEN8520080693" failures="0" tests="1" name="File.MyAccountTest" time="52.523" errors="0" timestamp="2023-03-03T12:43:05 IST" skipped="0">
  <testcase classname="File.MyAccountTest" name="verification" time="52.523"/>
  <system-out/>
</testsuite> <!-- File.MyAccountTest -->
